[0424/084524.130:INFO:CONSOLE(0)] "Error with Permissions-Policy header: Feature xr-spatial-tracking's parameters are ignored.", source:  (0)
[0424/084524.130:INFO:CONSOLE(0)] "Error with Permissions-Policy header: Origin trial controlled feature not enabled: 'attribution-reporting'.", source:  (0)
[0424/084524.130:INFO:CONSOLE(0)] "Error with Permissions-Policy header: Unrecognized feature: 'compute-pressure'.", source:  (0)
[0424/084524.130:INFO:CONSOLE(0)] "Error with Permissions-Policy header: Origin trial controlled feature not enabled: 'interest-cohort'.", source:  (0)
[0424/084524.130:INFO:CONSOLE(0)] "Error with Permissions-Policy header: Unrecognized feature: 'private-state-token-issuance'.", source:  (0)
[0424/084524.131:INFO:CONSOLE(0)] "Error with Permissions-Policy header: Origin trial controlled feature not enabled: 'shared-storage'.", source:  (0)
[0424/084524.131:INFO:CONSOLE(0)] "Error with Permissions-Policy header: Unrecognized feature: 'shared-storage-select-url'.", source:  (0)
[0424/084524.131:INFO:CONSOLE(0)] "Error with Permissions-Policy header: Unrecognized feature: 'private-state-token-redemption'.", source:  (0)
[0424/084524.131:INFO:CONSOLE(0)] "Error with Permissions-Policy header: Unrecognized feature: 'unload'.", source:  (0)
[0424/084524.131:INFO:CONSOLE(0)] "Error with Permissions-Policy header: Unrecognized feature: 'window-management'.", source:  (0)
[0424/084527.294:INFO:CONSOLE(154)] "Event handler of 'x-storagemutated-1' event must be added on the initial evaluation of worker script.", source: https://static.whatsapp.net/rsrc.php/v4/y5/r/7riJyo11cbS.js (154)
[0424/084809.507:INFO:CONSOLE(4)] "Uncaught (in promise) Error: window is not defined", source: https://web.whatsapp.com/ (4)
[0424/084811.160:INFO:CONSOLE(154)] "Event handler of 'x-storagemutated-1' event must be added on the initial evaluation of worker script.", source: https://static.whatsapp.net/rsrc.php/v4/y5/r/7riJyo11cbS.js (154)
[0424/084859.915:INFO:CONSOLE(154)] "Event handler of 'x-storagemutated-1' event must be added on the initial evaluation of worker script.", source: https://static.whatsapp.net/rsrc.php/v4/y5/r/7riJyo11cbS.js (154)
[0424/085140.816:INFO:CONSOLE(4)] "Uncaught (in promise) Error: window is not defined", source: https://web.whatsapp.com/ (4)
[0424/085141.813:INFO:CONSOLE(154)] "Event handler of 'x-storagemutated-1' event must be added on the initial evaluation of worker script.", source: https://static.whatsapp.net/rsrc.php/v4/y5/r/7riJyo11cbS.js (154)
[0424/085142.444:INFO:CONSOLE(277)] "Uncaught (in promise) Error: Unexpected null or undefined: me", source: https://static.whatsapp.net/rsrc.php/v4/yt/r/D2cDoL_4pmm.js (277)
[0424/085142.658:INFO:CONSOLE(0)] "Error with Permissions-Policy header: Feature xr-spatial-tracking's parameters are ignored.", source:  (0)
[0424/085142.658:INFO:CONSOLE(0)] "Error with Permissions-Policy header: Origin trial controlled feature not enabled: 'attribution-reporting'.", source:  (0)
[0424/085142.658:INFO:CONSOLE(0)] "Error with Permissions-Policy header: Unrecognized feature: 'compute-pressure'.", source:  (0)
[0424/085142.658:INFO:CONSOLE(0)] "Error with Permissions-Policy header: Origin trial controlled feature not enabled: 'interest-cohort'.", source:  (0)
[0424/085142.659:INFO:CONSOLE(0)] "Error with Permissions-Policy header: Unrecognized feature: 'private-state-token-issuance'.", source:  (0)
[0424/085142.659:INFO:CONSOLE(0)] "Error with Permissions-Policy header: Origin trial controlled feature not enabled: 'shared-storage'.", source:  (0)
[0424/085142.659:INFO:CONSOLE(0)] "Error with Permissions-Policy header: Unrecognized feature: 'shared-storage-select-url'.", source:  (0)
[0424/085142.659:INFO:CONSOLE(0)] "Error with Permissions-Policy header: Unrecognized feature: 'private-state-token-redemption'.", source:  (0)
[0424/085142.659:INFO:CONSOLE(0)] "Error with Permissions-Policy header: Unrecognized feature: 'unload'.", source:  (0)
[0424/085142.659:INFO:CONSOLE(0)] "Error with Permissions-Policy header: Unrecognized feature: 'window-management'.", source:  (0)
[0424/085223.939:INFO:CONSOLE(154)] "Event handler of 'x-storagemutated-1' event must be added on the initial evaluation of worker script.", source: https://static.whatsapp.net/rsrc.php/v4/y5/r/7riJyo11cbS.js (154)
[0424/085351.015:INFO:CONSOLE(89)] "Uncaught (in promise) #<a>", source: https://static.whatsapp.net/rsrc.php/v4/yZ/r/lc0G6A5wYXM.js (89)
[0424/085351.016:INFO:CONSOLE(277)] "Uncaught (in promise) Error: Unexpected null or undefined: me", source: https://static.whatsapp.net/rsrc.php/v4/yt/r/D2cDoL_4pmm.js (277)
[0424/085352.024:INFO:CONSOLE(89)] "Uncaught (in promise) #<a>", source: https://static.whatsapp.net/rsrc.php/v4/yZ/r/lc0G6A5wYXM.js (89)
[0424/085352.830:INFO:CONSOLE(0)] "Uncaught (in promise) #<a>", source: https://web.whatsapp.com/ (0)
[0424/085352.923:INFO:CONSOLE(277)] "Uncaught (in promise) #<a>", source: https://static.whatsapp.net/rsrc.php/v4/yt/r/D2cDoL_4pmm.js (277)
[0424/085353.220:INFO:CONSOLE(277)] "Uncaught (in promise) #<a>", source: https://static.whatsapp.net/rsrc.php/v4/yt/r/D2cDoL_4pmm.js (277)
[0424/085353.700:INFO:CONSOLE(0)] "Uncaught (in promise) #<a>", source: https://web.whatsapp.com/ (0)
[0424/085353.906:INFO:CONSOLE(277)] "Uncaught (in promise) #<a>", source: https://static.whatsapp.net/rsrc.php/v4/yt/r/D2cDoL_4pmm.js (277)
[0424/085354.032:INFO:CONSOLE(277)] "Uncaught (in promise) Invariant Violation: Minified invariant #56367; %s", source: https://static.whatsapp.net/rsrc.php/v4/yt/r/D2cDoL_4pmm.js (277)
[0424/085354.142:INFO:CONSOLE(0)] "Error with Permissions-Policy header: Feature xr-spatial-tracking's parameters are ignored.", source:  (0)
[0424/085354.142:INFO:CONSOLE(0)] "Error with Permissions-Policy header: Origin trial controlled feature not enabled: 'attribution-reporting'.", source:  (0)
[0424/085354.142:INFO:CONSOLE(0)] "Error with Permissions-Policy header: Unrecognized feature: 'compute-pressure'.", source:  (0)
[0424/085354.142:INFO:CONSOLE(0)] "Error with Permissions-Policy header: Origin trial controlled feature not enabled: 'interest-cohort'.", source:  (0)
[0424/085354.142:INFO:CONSOLE(0)] "Error with Permissions-Policy header: Unrecognized feature: 'private-state-token-issuance'.", source:  (0)
[0424/085354.142:INFO:CONSOLE(0)] "Error with Permissions-Policy header: Origin trial controlled feature not enabled: 'shared-storage'.", source:  (0)
[0424/085354.142:INFO:CONSOLE(0)] "Error with Permissions-Policy header: Unrecognized feature: 'shared-storage-select-url'.", source:  (0)
[0424/085354.142:INFO:CONSOLE(0)] "Error with Permissions-Policy header: Unrecognized feature: 'private-state-token-redemption'.", source:  (0)
[0424/085354.142:INFO:CONSOLE(0)] "Error with Permissions-Policy header: Unrecognized feature: 'unload'.", source:  (0)
[0424/085354.142:INFO:CONSOLE(0)] "Error with Permissions-Policy header: Unrecognized feature: 'window-management'.", source:  (0)
